-------------------------------------------------------------------------------
Test set: net.wendal.modules.MasterTest
-------------------------------------------------------------------------------
Tests run: 1, Failures: 0, Errors: 1, Skipped: 0, Time elapsed: 0.158 sec <<< FAILURE! - in net.wendal.modules.MasterTest
initializationError(net.wendal.modules.MasterTest)  Time elapsed: 0.007 sec  <<< ERROR!
java.lang.Exception: No runnable methods

