-------------------------------------------------------------------------------
Test set: net.wendal.modules.TomTest
-------------------------------------------------------------------------------
Tests run: 1, Failures: 0, Errors: 1, Skipped: 0, Time elapsed: 0.181 sec <<< FAILURE! - in net.wendal.modules.TomTest
test_tom_jerry_create(net.wendal.modules.TomTest)  Time elapsed: 0.039 sec  <<< ERROR!
org.nutz.dao.DaoException: 
!Nutz SQL Error: 'INSERT INTO t_jerry(name,ct,ut) VALUES('¿É¿É','NULL','NULL') '
PreparedStatement: 
'INSERT INTO t_jerry(name,ct,ut) VALUES(?,?,?) '
CaseMessage=Unknown column 'ct' in 'field list'
	at net.wendal.modules.TomTest.test_tom_jerry_create(TomTest.java:38)
Caused by: com.mysql.jdbc.exceptions.jdbc4.MySQLSyntaxErrorException: Unknown column 'ct' in 'field list'
	at net.wendal.modules.TomTest.test_tom_jerry_create(TomTest.java:38)

