<?xml version="1.0" encoding="UTF-8"?>
<testsuite xmlns:xsi="http://www.w3.org/2001/XMLSchema-instance" xsi:schemaLocation="https://maven.apache.org/surefire/maven-surefire-plugin/xsd/surefire-test-report.xsd" name="net.wendal.modules.SimpleTest" time="0.95" tests="2" errors="1" skipped="0" failures="0">
  <properties>
[...]
</properties>
  <testcase name="test_user_service_create_user" classname="net.wendal.modules.SimpleTest" time="0.363"/>
  <testcase name="test_tom_jerry" classname="net.wendal.modules.SimpleTest" time="0.124">
    <error message="!Nutz SQL Error: &apos;INSERT INTO t_jerry(name,ct,ut) VALUES(&apos;可可&apos;,&apos;NULL&apos;,&apos;NULL&apos;) &apos;&#10;PreparedStatement: &#10;&apos;INSERT INTO t_jerry(name,ct,ut) VALUES(?,?,?) &apos;&#10;CaseMessage=Unknown column &apos;ct&apos; in &apos;field list&apos;" type="org.nutz.dao.DaoException">org.nutz.dao.DaoException: 
!Nutz SQL Error: 'INSERT INTO t_jerry(name,ct,ut) VALUES('可可','NULL','NULL') '
PreparedStatement: 
'INSERT INTO t_jerry(name,ct,ut) VALUES(?,?,?) '
CaseMessage=Unknown column 'ct' in 'field list'
	at net.wendal.modules.SimpleTest.test_tom_jerry(SimpleTest.java:59)
Caused by: com.mysql.jdbc.exceptions.jdbc4.MySQLSyntaxErrorException: Unknown column 'ct' in 'field list'
	at net.wendal.modules.SimpleTest.test_tom_jerry(SimpleTest.java:59)
</error>
    <system-out><![CDATA[2018-05-15 22:36:53,938 org.nutz.ioc.impl.NutIoc.depose(NutIoc.java:255) INFO  - org.nutz.ioc.impl.NutIoc@868815265 is closing. startup date [18-05-15 22:36:53.540]
2018-05-15 22:36:53,939 org.nutz.ioc.impl.ScopeContext.clear(ScopeContext.java:108) DEBUG - Depose object 'conf' ...
2018-05-15 22:36:53,939 org.nutz.ioc.impl.ScopeContext.clear(ScopeContext.java:108) DEBUG - Depose object 'dao' ...
2018-05-15 22:36:53,940 org.nutz.ioc.impl.ScopeContext.clear(ScopeContext.java:108) DEBUG - Depose object 'simpleTest' ...
2018-05-15 22:36:53,940 org.nutz.ioc.impl.ScopeContext.clear(ScopeContext.java:113) DEBUG - Depose object 'dataSource' ...
2018-05-15 22:36:53,942 com.alibaba.druid.pool.DruidDataSource.close(DruidDataSource.java:1444) INFO  - {dataSource-2} closed
2018-05-15 22:36:53,943 org.nutz.ioc.impl.NutIoc.depose(NutIoc.java:262) INFO  - org.nutz.ioc.impl.NutIoc@868815265 is deposed. startup date [18-05-15 22:36:53.540]
2018-05-15 22:36:53,951 org.nutz.resource.Scans.scan(Scans.java:274) DEBUG - Found 2 resource by src( ioc/ ) , regex( ^(.+[.])(js|json)$ )
2018-05-15 22:36:53,952 org.nutz.ioc.loader.json.JsonLoader.<init>(JsonLoader.java:49) DEBUG - loading [dao.js]
2018-05-15 22:36:53,953 org.nutz.ioc.loader.json.JsonLoader.<init>(JsonLoader.java:49) DEBUG - loading [quartz.js]
2018-05-15 22:36:53,955 org.nutz.ioc.loader.json.JsonLoader.<init>(JsonLoader.java:57) DEBUG - Loaded 4 bean define from path=[ioc/] --> [scheduler, conf, dao, dataSource]
2018-05-15 22:36:54,035 org.nutz.resource.Scans.scan(Scans.java:274) DEBUG - Found 23 resource by src( net/wendal/ ) , regex( ^.+[.]class$ )
2018-05-15 22:36:54,038 org.nutz.ioc.loader.annotation.AnnotationIocLoader.addClass(AnnotationIocLoader.java:74) DEBUG - Found @IocBean : class net.wendal.nutzbook.module.UserModule
2018-05-15 22:36:54,039 org.nutz.ioc.loader.annotation.AnnotationIocLoader.addClass(AnnotationIocLoader.java:74) DEBUG - Found @IocBean : class net.wendal.nutzbook.module.UserProfileModule
2018-05-15 22:36:54,040 org.nutz.ioc.loader.annotation.AnnotationIocLoader.addClass(AnnotationIocLoader.java:74) DEBUG - Found @IocBean : class net.wendal.nutzbook.quartz.NutQuartzJobFactory
2018-05-15 22:36:54,041 org.nutz.ioc.loader.annotation.AnnotationIocLoader.addClass(AnnotationIocLoader.java:74) DEBUG - Found @IocBean : class net.wendal.modules.MasterTest
2018-05-15 22:36:54,042 org.nutz.ioc.loader.annotation.AnnotationIocLoader.addClass(AnnotationIocLoader.java:74) DEBUG - Found @IocBean : class net.wendal.modules.PetTest
2018-05-15 22:36:54,043 org.nutz.ioc.loader.annotation.AnnotationIocLoader.addClass(AnnotationIocLoader.java:74) DEBUG - Found @IocBean : class net.wendal.modules.SimpleTest
2018-05-15 22:36:54,044 org.nutz.ioc.loader.annotation.AnnotationIocLoader.addClass(AnnotationIocLoader.java:74) DEBUG - Found @IocBean : class net.wendal.modules.TomTest
2018-05-15 22:36:54,052 org.nutz.ioc.loader.annotation.AnnotationIocLoader.addClass(AnnotationIocLoader.java:74) DEBUG - Found @IocBean : class net.wendal.modules.UserTest
2018-05-15 22:36:54,055 org.nutz.ioc.loader.annotation.AnnotationIocLoader.<init>(AnnotationIocLoader.java:50) INFO  - Found 8 classes in 1 base-packages!
beans = ["nutQuartzJobFactory", "masterTest", "tomTest", "userTest", "userProfileModule", "userModule", "petTest", "simpleTest"]
2018-05-15 22:36:54,060 org.nutz.ioc.loader.json.JsonLoader.<init>(JsonLoader.java:40) DEBUG - Loaded 5 bean define from reader --
[txREPEATABLE_READ, txSERIALIZABLE, txNONE, txREAD_UNCOMMITTED, txREAD_COMMITTED]
2018-05-15 22:36:54,061 org.nutz.ioc.impl.NutIoc.<init>(NutIoc.java:98) INFO  - NutIoc init begin ...
2018-05-15 22:36:54,061 org.nutz.ioc.impl.NutIoc.<init>(NutIoc.java:115) INFO  - ... NutIoc init complete
2018-05-15 22:36:54,062 org.nutz.ioc.impl.NutIoc.get(NutIoc.java:151) DEBUG - Get 'simpleTest'<class net.wendal.modules.SimpleTest>
2018-05-15 22:36:54,063 org.nutz.ioc.aop.SimpleAopMaker.<init>(SimpleAopMaker.java:79) DEBUG - Load AopConfigure for anno=org.nutz.ioc.aop.Aop by type=org.nutz.ioc.aop.config.impl.AnnotationAopConfigration
2018-05-15 22:36:54,063 org.nutz.ioc.impl.NutIoc.get(NutIoc.java:177) DEBUG - 	 >> Load definition name=simpleTest
2018-05-15 22:36:54,064 org.nutz.ioc.loader.combo.ComboIocLoader.load(ComboIocLoader.java:161) DEBUG - Found IocObject(simpleTest) in AnnotationIocLoader(packages=[net.wendal])
2018-05-15 22:36:54,064 org.nutz.ioc.impl.NutIoc.get(NutIoc.java:209) DEBUG - 	 >> Make...'simpleTest'<class net.wendal.modules.SimpleTest>
2018-05-15 22:36:54,064 org.nutz.ioc.aop.impl.DefaultMirrorFactory.getMirror(DefaultMirrorFactory.java:70) DEBUG - Load class net.wendal.modules.SimpleTest without AOP
2018-05-15 22:36:54,065 org.nutz.ioc.impl.ScopeContext.save(ScopeContext.java:64) DEBUG - Save object 'simpleTest' to [app] 
2018-05-15 22:36:54,067 org.nutz.ioc.impl.NutIoc.get(NutIoc.java:151) DEBUG - Get 'dao'<interface org.nutz.dao.Dao>
2018-05-15 22:36:54,067 org.nutz.ioc.impl.NutIoc.get(NutIoc.java:177) DEBUG - 	 >> Load definition name=dao
2018-05-15 22:36:54,067 org.nutz.ioc.loader.map.MapLoader.load(MapLoader.java:67) DEBUG - Loading define for name=dao
2018-05-15 22:36:54,068 org.nutz.ioc.loader.combo.ComboIocLoader.load(ComboIocLoader.java:161) DEBUG - Found IocObject(dao) in JsonLoader(paths=[ioc/])
2018-05-15 22:36:54,069 org.nutz.ioc.impl.NutIoc.get(NutIoc.java:209) DEBUG - 	 >> Make...'dao'<interface org.nutz.dao.Dao>
2018-05-15 22:36:54,069 org.nutz.ioc.aop.impl.DefaultMirrorFactory.getMirror(DefaultMirrorFactory.java:70) DEBUG - Load class org.nutz.dao.impl.NutDao without AOP
2018-05-15 22:36:54,070 org.nutz.ioc.impl.ScopeContext.save(ScopeContext.java:64) DEBUG - Save object 'dao' to [app] 
2018-05-15 22:36:54,070 org.nutz.ioc.impl.NutIoc.get(NutIoc.java:151) DEBUG - Get 'dataSource'<>
2018-05-15 22:36:54,071 org.nutz.ioc.impl.NutIoc.get(NutIoc.java:177) DEBUG - 	 >> Load definition name=dataSource
2018-05-15 22:36:54,071 org.nutz.ioc.loader.map.MapLoader.load(MapLoader.java:67) DEBUG - Loading define for name=dataSource
2018-05-15 22:36:54,073 org.nutz.ioc.loader.combo.ComboIocLoader.load(ComboIocLoader.java:161) DEBUG - Found IocObject(dataSource) in JsonLoader(paths=[ioc/])
2018-05-15 22:36:54,076 org.nutz.ioc.impl.NutIoc.get(NutIoc.java:209) DEBUG - 	 >> Make...'dataSource'<>
2018-05-15 22:36:54,077 org.nutz.ioc.aop.impl.DefaultMirrorFactory.getMirror(DefaultMirrorFactory.java:70) DEBUG - Load class com.alibaba.druid.pool.DruidDataSource without AOP
2018-05-15 22:36:54,077 org.nutz.ioc.impl.ScopeContext.save(ScopeContext.java:64) DEBUG - Save object 'dataSource' to [app] 
2018-05-15 22:36:54,081 org.nutz.ioc.impl.NutIoc.get(NutIoc.java:151) DEBUG - Get 'conf'<>
2018-05-15 22:36:54,081 org.nutz.ioc.impl.NutIoc.get(NutIoc.java:177) DEBUG - 	 >> Load definition name=conf
2018-05-15 22:36:54,081 org.nutz.ioc.loader.map.MapLoader.load(MapLoader.java:67) DEBUG - Loading define for name=conf
2018-05-15 22:36:54,082 org.nutz.ioc.loader.combo.ComboIocLoader.load(ComboIocLoader.java:161) DEBUG - Found IocObject(conf) in JsonLoader(paths=[ioc/])
2018-05-15 22:36:54,083 org.nutz.ioc.impl.NutIoc.get(NutIoc.java:209) DEBUG - 	 >> Make...'conf'<>
2018-05-15 22:36:54,083 org.nutz.ioc.aop.impl.DefaultMirrorFactory.getMirror(DefaultMirrorFactory.java:70) DEBUG - Load class org.nutz.ioc.impl.PropertiesProxy without AOP
2018-05-15 22:36:54,084 org.nutz.ioc.impl.ScopeContext.save(ScopeContext.java:64) DEBUG - Save object 'conf' to [app] 
2018-05-15 22:36:54,087 org.nutz.resource.Scans.scan(Scans.java:274) DEBUG - Found 2 resource by src( custom/db.properties ) , regex( ^.+[.]properties$ )
2018-05-15 22:36:54,087 org.nutz.ioc.impl.PropertiesProxy.setPaths(PropertiesProxy.java:113) DEBUG - load properties from jar:file:/D:/OftenSoft/Maven/m2/repo/cn/enilu/tools/nutzwk-code-generator/1.3.2/nutzwk-code-generator-1.3.2.jar!/custom/db.properties
2018-05-15 22:36:54,089 org.nutz.ioc.impl.PropertiesProxy.setPaths(PropertiesProxy.java:113) DEBUG - load properties from File[E:\JAVA_OK\nutz\nutzbook_dev_prepare\target\classes\custom\db.properties]
2018-05-15 22:36:54,091 org.nutz.ioc.impl.NutIoc.get(NutIoc.java:151) DEBUG - Get 'conf'<>
2018-05-15 22:36:54,092 org.nutz.ioc.impl.NutIoc.get(NutIoc.java:151) DEBUG - Get 'conf'<>
2018-05-15 22:36:54,093 org.nutz.ioc.impl.NutIoc.get(NutIoc.java:151) DEBUG - Get 'conf'<>
2018-05-15 22:36:54,093 org.nutz.ioc.impl.NutIoc.get(NutIoc.java:151) DEBUG - Get 'conf'<>
2018-05-15 22:36:54,213 com.alibaba.druid.pool.DruidDataSource.init(DruidDataSource.java:715) INFO  - {dataSource-3} inited
2018-05-15 22:36:54,214 org.nutz.ioc.impl.NutIoc.get(NutIoc.java:151) DEBUG - Get 'dataSource'<>
2018-05-15 22:36:54,216 org.nutz.dao.jdbc.Jdbcs.getExpert(Jdbcs.java:103) INFO  - Get Connection from DataSource for JdbcExpert, if you lock at here, check your database server and configure
2018-05-15 22:36:54,263 org.nutz.dao.impl.DaoSupport.setDataSource(DaoSupport.java:189) DEBUG - select expert : org.nutz.dao.impl.jdbc.mysql.MysqlJdbcExpert
2018-05-15 22:36:54,266 org.nutz.dao.impl.DaoSupport$1.invoke(DaoSupport.java:200) DEBUG - JDBC Driver --> mysql-connector-java-5.1.41 ( Revision: 83c6dc41b96809df81444362933043b20a1d49d5 )
2018-05-15 22:36:54,266 org.nutz.dao.impl.DaoSupport$1.invoke(DaoSupport.java:201) DEBUG - JDBC Name   --> MySQL Connector Java
2018-05-15 22:36:54,267 org.nutz.dao.impl.DaoSupport$1.invoke(DaoSupport.java:203) DEBUG - JDBC URL    --> jdbc:mysql://127.0.0.1:3306/nutzbook
2018-05-15 22:36:54,276 org.nutz.dao.impl.jdbc.mysql.MysqlJdbcExpert.checkDataSource(MysqlJdbcExpert.java:212) DEBUG - Mysql : character_set_client=utf8
2018-05-15 22:36:54,277 org.nutz.dao.impl.jdbc.mysql.MysqlJdbcExpert.checkDataSource(MysqlJdbcExpert.java:212) DEBUG - Mysql : character_set_connection=utf8
2018-05-15 22:36:54,278 org.nutz.dao.impl.jdbc.mysql.MysqlJdbcExpert.checkDataSource(MysqlJdbcExpert.java:212) DEBUG - Mysql : character_set_database=utf8
2018-05-15 22:36:54,278 org.nutz.dao.impl.jdbc.mysql.MysqlJdbcExpert.checkDataSource(MysqlJdbcExpert.java:212) DEBUG - Mysql : character_set_filesystem=binary
2018-05-15 22:36:54,279 org.nutz.dao.impl.jdbc.mysql.MysqlJdbcExpert.checkDataSource(MysqlJdbcExpert.java:212) DEBUG - Mysql : character_set_results=
2018-05-15 22:36:54,279 org.nutz.dao.impl.jdbc.mysql.MysqlJdbcExpert.checkDataSource(MysqlJdbcExpert.java:212) DEBUG - Mysql : character_set_server=utf8
2018-05-15 22:36:54,280 org.nutz.dao.impl.jdbc.mysql.MysqlJdbcExpert.checkDataSource(MysqlJdbcExpert.java:212) DEBUG - Mysql : character_set_system=utf8
2018-05-15 22:36:54,281 org.nutz.dao.impl.jdbc.mysql.MysqlJdbcExpert.checkDataSource(MysqlJdbcExpert.java:212) DEBUG - Mysql : character_sets_dir=D:\OftenSoft\mysql-5.7.21-winx64\share\charsets\
2018-05-15 22:36:54,289 org.nutz.dao.impl.jdbc.mysql.MysqlJdbcExpert.checkDataSource(MysqlJdbcExpert.java:219) DEBUG - Mysql : binlog_format=ROW
2018-05-15 22:36:54,291 org.nutz.dao.impl.jdbc.mysql.MysqlJdbcExpert.checkDataSource(MysqlJdbcExpert.java:226) DEBUG - Mysql : database=nutzbook
2018-05-15 22:36:54,292 org.nutz.dao.impl.jdbc.mysql.MysqlJdbcExpert.checkDataSource(MysqlJdbcExpert.java:232) DEBUG - Mysql : user=root@localhost
2018-05-15 22:36:54,297 org.nutz.dao.impl.DaoSupport.setDataSource(DaoSupport.java:222) DEBUG - Database info --> MYSQL:[MySQL - 5.7.21-log]
2018-05-15 22:36:54,332 org.nutz.dao.impl.sql.run.NutDaoExecutor.printSQL(NutDaoExecutor.java:388) DEBUG - RUN 
2018-05-15 22:36:54,338 org.nutz.dao.impl.sql.run.NutDaoExecutor.printSQL(NutDaoExecutor.java:388) DEBUG - INSERT INTO t_jerry(name,ct,ut) VALUES(?,?,?) 
    |  1 |    2 |    3 |
    |----|------|------|
    | 可可 | NULL | NULL |
  For example:> "INSERT INTO t_jerry(name,ct,ut) VALUES('可可','NULL','NULL') "
2018-05-15 22:36:54,363 org.nutz.dao.impl.sql.run.NutDaoExecutor.exec(NutDaoExecutor.java:97) DEBUG - SQLException
com.mysql.jdbc.exceptions.jdbc4.MySQLSyntaxErrorException: Unknown column 'ct' in 'field list'
	at sun.reflect.NativeConstructorAccessorImpl.newInstance0(Native Method)
	at sun.reflect.NativeConstructorAccessorImpl.newInstance(NativeConstructorAccessorImpl.java:62)
	at sun.reflect.DelegatingConstructorAccessorImpl.newInstance(DelegatingConstructorAccessorImpl.java:45)
	at java.lang.reflect.Constructor.newInstance(Constructor.java:423)
	at com.mysql.jdbc.Util.handleNewInstance(Util.java:425)
	at com.mysql.jdbc.Util.getInstance(Util.java:408)
	at com.mysql.jdbc.SQLError.createSQLException(SQLError.java:943)
	at com.mysql.jdbc.MysqlIO.checkErrorPacket(MysqlIO.java:3973)
	at com.mysql.jdbc.MysqlIO.checkErrorPacket(MysqlIO.java:3909)
	at com.mysql.jdbc.MysqlIO.sendCommand(MysqlIO.java:2527)
	at com.mysql.jdbc.MysqlIO.sqlQueryDirect(MysqlIO.java:2680)
	at com.mysql.jdbc.ConnectionImpl.execSQL(ConnectionImpl.java:2501)
	at com.mysql.jdbc.PreparedStatement.executeInternal(PreparedStatement.java:1858)
	at com.mysql.jdbc.PreparedStatement.execute(PreparedStatement.java:1197)
	at com.alibaba.druid.filter.FilterChainImpl.preparedStatement_execute(FilterChainImpl.java:2931)
	at com.alibaba.druid.filter.FilterEventAdapter.preparedStatement_execute(FilterEventAdapter.java:440)
	at com.alibaba.druid.filter.FilterChainImpl.preparedStatement_execute(FilterChainImpl.java:2929)
	at com.alibaba.druid.proxy.jdbc.PreparedStatementProxyImpl.execute(PreparedStatementProxyImpl.java:131)
	at com.alibaba.druid.pool.DruidPooledPreparedStatement.execute(DruidPooledPreparedStatement.java:493)
	at org.nutz.dao.impl.sql.run.NutDaoExecutor._runPreparedStatement(NutDaoExecutor.java:308)
	at org.nutz.dao.impl.sql.run.NutDaoExecutor.exec(NutDaoExecutor.java:90)
	at org.nutz.dao.DaoInterceptorChain.doChain(DaoInterceptorChain.java:66)
	at org.nutz.dao.impl.interceptor.DaoLogInterceptor.filter(DaoLogInterceptor.java:22)
	at org.nutz.dao.DaoInterceptorChain.doChain(DaoInterceptorChain.java:64)
	at org.nutz.dao.DaoInterceptorChain.invoke(DaoInterceptorChain.java:139)
	at org.nutz.dao.impl.sql.run.NutDaoRunner.runCallback(NutDaoRunner.java:158)
	at org.nutz.dao.impl.sql.run.NutDaoRunner._runWithTransaction(NutDaoRunner.java:104)
	at org.nutz.dao.impl.sql.run.NutDaoRunner._run(NutDaoRunner.java:88)
	at org.nutz.dao.impl.sql.run.NutDaoRunner$1.run(NutDaoRunner.java:74)
	at org.nutz.trans.Trans.exec(Trans.java:174)
	at org.nutz.dao.impl.sql.run.NutDaoRunner.run(NutDaoRunner.java:72)
	at org.nutz.dao.impl.DaoSupport.run(DaoSupport.java:245)
	at org.nutz.dao.impl.DaoSupport._exec(DaoSupport.java:257)
	at org.nutz.dao.impl.EntityOperator.exec(EntityOperator.java:55)
	at org.nutz.dao.impl.NutDao.insertWith(NutDao.java:174)
	at net.wendal.modules.SimpleTest.test_tom_jerry(SimpleTest.java:59)
	at sun.reflect.NativeMethodAccessorImpl.invoke0(Native Method)
	at sun.reflect.NativeMethodAccessorImpl.invoke(NativeMethodAccessorImpl.java:62)
	at sun.reflect.DelegatingMethodAccessorImpl.invoke(DelegatingMethodAccessorImpl.java:43)
	at java.lang.reflect.Method.invoke(Method.java:498)
	at org.junit.runners.model.FrameworkMethod$1.runReflectiveCall(FrameworkMethod.java:50)
	at org.junit.internal.runners.model.ReflectiveCallable.run(ReflectiveCallable.java:12)
	at org.junit.runners.model.FrameworkMethod.invokeExplosively(FrameworkMethod.java:47)
	at org.junit.internal.runners.statements.InvokeMethod.evaluate(InvokeMethod.java:17)
	at org.junit.runners.ParentRunner.runLeaf(ParentRunner.java:325)
	at org.junit.runners.BlockJUnit4ClassRunner.runChild(BlockJUnit4ClassRunner.java:78)
	at org.nutz.mock.NutTestRunner.runChild(NutTestRunner.java:33)
	at org.nutz.mock.NutTestRunner.runChild(NutTestRunner.java:14)
	at org.junit.runners.ParentRunner$3.run(ParentRunner.java:290)
	at org.junit.runners.ParentRunner$1.schedule(ParentRunner.java:71)
	at org.junit.runners.ParentRunner.runChildren(ParentRunner.java:288)
	at org.junit.runners.ParentRunner.access$000(ParentRunner.java:58)
	at org.junit.runners.ParentRunner$2.evaluate(ParentRunner.java:268)
	at org.junit.runners.ParentRunner.run(ParentRunner.java:363)
	at org.apache.maven.surefire.junit4.JUnit4Provider.execute(JUnit4Provider.java:367)
	at org.apache.maven.surefire.junit4.JUnit4Provider.executeWithRerun(JUnit4Provider.java:274)
	at org.apache.maven.surefire.junit4.JUnit4Provider.executeTestSet(JUnit4Provider.java:238)
	at org.apache.maven.surefire.junit4.JUnit4Provider.invoke(JUnit4Provider.java:161)
	at org.apache.maven.surefire.booter.ForkedBooter.invokeProviderInSameClassLoader(ForkedBooter.java:290)
	at org.apache.maven.surefire.booter.ForkedBooter.runSuitesInProcess(ForkedBooter.java:242)
	at org.apache.maven.surefire.booter.ForkedBooter.main(ForkedBooter.java:121)
]]></system-out>
    <system-err><![CDATA[Tue May 15 22:36:54 CST 2018 WARN: Establishing SSL connection without server's identity verification is not recommended. According to MySQL 5.5.45+, 5.6.26+ and 5.7.6+ requirements SSL connection must be established by default if explicit option isn't set. For compliance with existing applications not using SSL the verifyServerCertificate property is set to 'false'. You need either to explicitly disable SSL by setting useSSL=false, or set useSSL=true and provide truststore for server certificate verification.
]]></system-err>
  </testcase>
</testsuite>